Using pathToSettingsFile = GalaxySettings.xml
Using pathToShapesFile = GalaxyShapes.xml
Using pathToConfigurationFile = GalaxyConfiguration.xml
Using pathToOutputFile = Galaxy.xml
Using seed = 123
ReadHomeGeneration-begin
AffinityTerran
AffinitySwarm
AffinityAmoeba
AffinitySophon
AffinityResistance
AffinityHoratio
AffinitySower
AffinityHissho
AffinityEmperor
ReadHomeGeneration-end
GalaxySizeTiny has width 50 and base population 16
GalaxySizeSmall has width 70 and base population 32
GalaxySizeMedium has width 86 and base population 48
GalaxySizeLarge has width 100 and base population 64
GalaxySizeHuge has width 111 and base population 80
cross-checking constraints...
Min stars per constellation : 5
Min distance between stars : 4
Min distance between home systems : 12
...end of cross-checking constraints
Density/GalaxySpiral8_Density.png
Regions/GalaxySpiral8_Regions.png
Density/GalaxySpiral4_Density.png
Regions/GalaxySpiral4_Regions.png
Density/GalaxySpiral2_Density.png
Regions/GalaxySpiral2_Regions.png
Density/GalaxyDisk_Density.png
Regions/GalaxyDisk_Regions.png
Density/GalaxyDisk4_Density.png
Regions/GalaxyDisk4_Regions.png
Density/GalaxyOvoid_Density.png
Regions/GalaxyOvoid_Regions.png
Density/GalaxyTwinElliptical_Density.png
Regions/GalaxyTwinElliptical_Regions.png
cross-checking shapes manager contents...
GalaxySpiral8
GalaxySpiral4
GalaxySpiral2
GalaxyDisk
GalaxyDisk4
GalaxyOvoid
GalaxyTwinElliptical
...end of shapes manager contents cross-checking
checking Configuration...
Seed : 0
Shape : Density/GalaxySpiral2_Density.png
Empires : 4
Galaxy size : GalaxySizeMedium
Galaxy age : GalaxyAgeNormal
Galaxy density : GalaxyDensityMedium
Constellations : 2
Star connectivity : 3
Resources : ResourceRepartitionFactorNormal
Expected population : 48
HomeWorldGenerators Count : 4
...end checking Configuration
Generating Galaxy...
StarBuilder - Execute - begin
Generated 48 stars
populate-end
Black is R=0 G=0 B=0
Colors found in regions pixmap :
Color [A=255, R=1, G=1, B=1]
Color [A=255, R=0, G=0, B=0]
Color [A=255, R=0, G=1, B=1]
Color [A=255, R=255, G=0, B=255]
Color [A=255, R=0, G=128, B=128]
Color [A=255, R=255, G=255, B=0]
Color [A=255, R=0, G=0, B=255]
Color [A=255, R=128, G=0, B=128]
Color [A=255, R=0, G=255, B=255]
Color [A=255, R=255, G=255, B=255]
Color [A=255, R=1, G=0, B=0]
Color [A=255, R=1, G=0, B=1]
Color [A=255, R=0, G=255, B=0]
Color [A=255, R=255, G=0, B=0]
Color [A=255, R=0, G=0, B=1]
Color [A=255, R=0, G=1, B=0]
StarBuilder - Execute - end
ConstellationBuilder - Execute - begin
9 theoretical regions
9 actual regions
8 spawn regions
-->Color [A=255, R=255, G=0, B=0] containing 4 stars
-->Color [A=255, R=0, G=128, B=128] containing 5 stars
-->Color [A=255, R=0, G=0, B=255] containing 6 stars
-->Color [A=255, R=0, G=255, B=255] containing 5 stars
-->Color [A=255, R=255, G=0, B=255] containing 6 stars
-->Color [A=255, R=0, G=255, B=0] containing 4 stars
-->Color [A=255, R=128, G=0, B=128] containing 4 stars
-->Color [A=255, R=255, G=255, B=0] containing 1 stars
1 neutral regions
-->Color [A=255, R=255, G=255, B=255] containing 13 stars
Configuration requested constellations : 2
Other Case
No exact match
Less Constellations than Spawn Regions
Using topology to try grouping 4 Spawn Regions in each Constellation
Merging regions :
--->Color [A=255, R=0, G=255, B=0]
--->Color [A=255, R=0, G=255, B=255]
--->Color [A=255, R=0, G=128, B=128]
--->Color [A=255, R=128, G=0, B=128]
Try making 1 constellations with a total of 18 stars
Make 1 constellations with a total of 18 stars
Remaining 1 starved constellations !
Remaining 1 starved constellations !
Remaining 1 starved constellations !
Remaining 1 starved constellations !
Merging regions :
--->Color [A=255, R=255, G=255, B=0]
--->Color [A=255, R=255, G=0, B=0]
--->Color [A=255, R=255, G=0, B=255]
--->Color [A=255, R=0, G=0, B=255]
Try making 1 constellations with a total of 17 stars
Make 1 constellations with a total of 17 stars
Remaining 1 starved constellations !
Remaining 1 starved constellations !
Remaining 1 starved constellations !
Remaining 1 starved constellations !
Merging remaining Spawn Regions with Neutral Regions
and making remaining Constellations
Aggregating 13 Stars to existing Constellations
Aggregating 12 Stars to existing Constellations
Aggregating 11 Stars to existing Constellations
Aggregating 10 Stars to existing Constellations
Aggregating 9 Stars to existing Constellations
Aggregating 8 Stars to existing Constellations
Aggregating 7 Stars to existing Constellations
Aggregating 6 Stars to existing Constellations
Aggregating 5 Stars to existing Constellations
Aggregating 4 Stars to existing Constellations
Aggregating 3 Stars to existing Constellations
Aggregating 2 Stars to existing Constellations
Aggregating 1 Stars to existing Constellations
ConstellationBuilder - Execute - end
WarpBuilder - Execute - begin
Warp Builder - continuing
Average connectivity down to 3
Wormhole numbers down to 9
Wormhole numbers down to 9
Wormhole numbers down to 8
Wormhole numbers down to 7
Wormhole numbers down to 6
Wormhole numbers down to 5
Wormhole numbers down to 4
Wormhole numbers down to 3
Warp Builder Execute...Complete
WarpBuilder - Execute - end
SpawnBuilder - Execute - begin
Spawn generation with 4 empires
Spawn Builder placed 4 empires
SpawnBuilder - Execute - end
PlanetBuilder - Execute - begin
PlanetBuilder - Execute - end
HomeBuilder - Execute - begin
Applying Home Generator 0 - begin
Applying Trait AffinityAmoeba
Applying Home Generator 0 - end
Applying Home Generator 1 - begin
Applying Trait AffinitySophon
Applying Home Generator 1 - end
Applying Home Generator 2 - begin
Applying Trait AffinitySwarm
Applying Home Generator 2 - end
Applying Home Generator 3 - begin
Applying Trait AffinityHissho
Applying Home Generator 3 - end
HomeBuilder - Execute - end
StrategicResourceBuilder - Execute - begin
StrategicResourceBuilder - Execute - end
LuxuryResourceBuilder - Execute - begin
total luxes = 16
number of lux types 12
PlanetLuxury12 could not be spawned
PlanetLuxury16 could not be spawned
PlanetLuxury3 could not be spawned
PlanetLuxury8 could not be spawned
Luxuries actually deposited - begin
PlanetLuxury15
PlanetLuxury5
PlanetLuxury2
PlanetLuxury11
PlanetLuxury14
PlanetLuxury10
PlanetLuxury13
PlanetLuxury9
PlanetLuxury1
PlanetLuxury7
PlanetLuxury6
PlanetLuxury4
Luxuries actually deposited - end
LuxuryResourceBuilder - Execute - end
SpawnStar: %StarName122
Score: 3185.95770043588

SpawnStar: %StarName65
Score: 1224.34785511968

SpawnStar: %StarName86
Score: 1030.09757420971

SpawnStar: %StarName187
Score: 7079.15242579029

--Galaxy Imbalanced--
--Galaxy generation failed--
--Generation defects summary--
LuxuryResourceBuilder -> PlanetLuxury12 could not be spawned
LuxuryResourceBuilder -> PlanetLuxury16 could not be spawned
LuxuryResourceBuilder -> PlanetLuxury3 could not be spawned
LuxuryResourceBuilder -> PlanetLuxury8 could not be spawned
--Generation defects end--
Generating Galaxy...
StarBuilder - Execute - begin
Generated 48 stars
populate-end
Black is R=0 G=0 B=0
Colors found in regions pixmap :
Color [A=255, R=255, G=0, B=255]
Color [A=255, R=255, G=255, B=255]
Color [A=255, R=255, G=255, B=0]
Color [A=255, R=0, G=128, B=128]
Color [A=255, R=0, G=1, B=0]
Color [A=255, R=1, G=1, B=1]
Color [A=255, R=128, G=0, B=128]
Color [A=255, R=0, G=0, B=255]
Color [A=255, R=0, G=255, B=255]
Color [A=255, R=255, G=0, B=0]
Color [A=255, R=0, G=0, B=1]
Color [A=255, R=0, G=1, B=1]
Color [A=255, R=0, G=255, B=0]
Color [A=255, R=1, G=0, B=0]
Color [A=255, R=0, G=0, B=0]
Color [A=255, R=1, G=0, B=1]
StarBuilder - Execute - end
ConstellationBuilder - Execute - begin
9 theoretical regions
9 actual regions
8 spawn regions
-->Color [A=255, R=255, G=0, B=0] containing 7 stars
-->Color [A=255, R=0, G=128, B=128] containing 5 stars
-->Color [A=255, R=0, G=0, B=255] containing 2 stars
-->Color [A=255, R=0, G=255, B=255] containing 2 stars
-->Color [A=255, R=255, G=0, B=255] containing 6 stars
-->Color [A=255, R=0, G=255, B=0] containing 6 stars
-->Color [A=255, R=128, G=0, B=128] containing 5 stars
-->Color [A=255, R=255, G=255, B=0] containing 5 stars
1 neutral regions
-->Color [A=255, R=255, G=255, B=255] containing 10 stars
Configuration requested constellations : 2
Other Case
No exact match
Less Constellations than Spawn Regions
Using topology to try grouping 4 Spawn Regions in each Constellation
Merging regions :
--->Color [A=255, R=128, G=0, B=128]
--->Color [A=255, R=0, G=128, B=128]
--->Color [A=255, R=0, G=255, B=0]
--->Color [A=255, R=0, G=255, B=255]
Try making 1 constellations with a total of 18 stars
Make 1 constellations with a total of 18 stars
Remaining 1 starved constellations !
Remaining 1 starved constellations !
Remaining 1 starved constellations !
Remaining 1 starved constellations !
Merging regions :
--->Color [A=255, R=255, G=255, B=0]
--->Color [A=255, R=255, G=0, B=0]
--->Color [A=255, R=255, G=0, B=255]
--->Color [A=255, R=0, G=0, B=255]
Try making 1 constellations with a total of 20 stars
Make 1 constellations with a total of 20 stars
Remaining 1 starved constellations !
Remaining 1 starved constellations !
Remaining 1 starved constellations !
Remaining 1 starved constellations !
Merging remaining Spawn Regions with Neutral Regions
and making remaining Constellations
Aggregating 10 Stars to existing Constellations
Aggregating 9 Stars to existing Constellations
Aggregating 8 Stars to existing Constellations
Aggregating 7 Stars to existing Constellations
Aggregating 6 Stars to existing Constellations
Aggregating 5 Stars to existing Constellations
Aggregating 4 Stars to existing Constellations
Aggregating 3 Stars to existing Constellations
Aggregating 2 Stars to existing Constellations
Aggregating 1 Stars to existing Constellations
ConstellationBuilder - Execute - end
WarpBuilder - Execute - begin
Warp Builder - continuing
Exception caught: System.NullReferenceException: Object reference not set to an instance of an object.
   at Amplitude.GalaxyGenerator.Generation.Builders.WarpBuilder.FullyConnected() in C:\Users\Eddie\Documents\GitHub\EndlessSpace-GalaxyBalancing\GalaxyGenerator Sources\Amplitude.GalaxyGenerator\Generation\Builders\WarpBuilder.cs:line 249
   at Amplitude.GalaxyGenerator.Generation.Builders.WarpBuilder.DetermineNonCriticalWarps(List`1& nonCrit) in C:\Users\Eddie\Documents\GitHub\EndlessSpace-GalaxyBalancing\GalaxyGenerator Sources\Amplitude.GalaxyGenerator\Generation\Builders\WarpBuilder.cs:line 501
   at Amplitude.GalaxyGenerator.Generation.Builders.WarpBuilder.ReduceConnectivity() in C:\Users\Eddie\Documents\GitHub\EndlessSpace-GalaxyBalancing\GalaxyGenerator Sources\Amplitude.GalaxyGenerator\Generation\Builders\WarpBuilder.cs:line 477
   at Amplitude.GalaxyGenerator.Generation.Builders.WarpBuilder.Execute() in C:\Users\Eddie\Documents\GitHub\EndlessSpace-GalaxyBalancing\GalaxyGenerator Sources\Amplitude.GalaxyGenerator\Generation\Builders\WarpBuilder.cs:line 62
   at Amplitude.GalaxyGenerator.Generation.Components.Galaxy..ctor(Configuration configuration) in C:\Users\Eddie\Documents\GitHub\EndlessSpace-GalaxyBalancing\GalaxyGenerator Sources\Amplitude.GalaxyGenerator\Generation\Components\Galaxy.cs:line 263
   at Amplitude.GalaxyGenerator.Generation.Components.Galaxy.Generate(Configuration configuration) in C:\Users\Eddie\Documents\GitHub\EndlessSpace-GalaxyBalancing\GalaxyGenerator Sources\Amplitude.GalaxyGenerator\Generation\Components\Galaxy.cs:line 18
   at GalaxyGeneratorPlugin.Generate(String pathToSettingsFile, String pathToShapesFile, String pathToConfigurationFile, String pathToOutputFile, Int32 seed) in C:\Users\Eddie\Documents\GitHub\EndlessSpace-GalaxyBalancing\GalaxyGenerator Sources\Amplitude.GalaxyGenerator\GalaxyGeneratorPlugin.cs:line 56